[01-Feb-2021 20:27:55 UTC] PHP Warning:  mysqli_real_connect(): (HY000/1045): Access denied for user 'uevfcvuzz9vd5'@'localhost' (using password: YES) in F:\0to10design\local_sites\websites-local-use\ecriminologyresearch-wordpress\wordpress\wp-includes\wp-db.php on line 1635
[01-Feb-2021 20:28:30 UTC] PHP Warning:  mysqli_real_connect(): (HY000/1045): Access denied for user 'uevfcvuzz9vd5'@'localhost' (using password: YES) in F:\0to10design\local_sites\websites-local-use\ecriminologyresearch-wordpress\wordpress\wp-includes\wp-db.php on line 1635
[01-Feb-2021 20:28:32 UTC] PHP Warning:  mysqli_real_connect(): (HY000/1045): Access denied for user 'uevfcvuzz9vd5'@'localhost' (using password: YES) in F:\0to10design\local_sites\websites-local-use\ecriminologyresearch-wordpress\wordpress\wp-includes\wp-db.php on line 1635
[01-Feb-2021 20:28:34 UTC] PHP Warning:  mysqli_real_connect(): (HY000/1045): Access denied for user 'uevfcvuzz9vd5'@'localhost' (using password: YES) in F:\0to10design\local_sites\websites-local-use\ecriminologyresearch-wordpress\wordpress\wp-includes\wp-db.php on line 1635
[01-Feb-2021 21:22:00 UTC] PHP Warning:  mysqli_real_connect(): (HY000/1045): Access denied for user 'utb7pn9hz6wwf'@'localhost' (using password: YES) in F:\0to10design\local_sites\websites-local-use\ecriminologyresearch-wordpress\wordpress\wp-includes\wp-db.php on line 1635
[03-Feb-2021 19:31:37 UTC] PHP Warning:  mysqli_real_connect(): (HY000/1045): Access denied for user 'utb7pn9hz6wwf'@'localhost' (using password: YES) in F:\0to10design\local_sites\websites-local-use\ecriminologyresearch-wordpress\wordpress\wp-includes\wp-db.php on line 1635
[03-Feb-2021 21:31:02 UTC] PHP Warning:  call_user_func_array() expects parameter 1 to be a valid callback, function 'action_wp_mail_failed' not found or invalid function name in F:\0to10design\local_sites\websites-local-use\ecriminologyresearch-wordpress\wordpress\wp-includes\class-wp-hook.php on line 287
[03-Feb-2021 21:31:39 UTC] PHP Warning:  call_user_func_array() expects parameter 1 to be a valid callback, function 'action_wp_mail_failed' not found or invalid function name in F:\0to10design\local_sites\websites-local-use\ecriminologyresearch-wordpress\wordpress\wp-includes\class-wp-hook.php on line 287
[03-Feb-2021 21:33:32 UTC] PHP Warning:  call_user_func_array() expects parameter 1 to be a valid callback, function 'action_wp_mail_failed' not found or invalid function name in F:\0to10design\local_sites\websites-local-use\ecriminologyresearch-wordpress\wordpress\wp-includes\class-wp-hook.php on line 287
[03-Feb-2021 21:36:28 UTC] PHP Warning:  call_user_func_array() expects parameter 1 to be a valid callback, function 'action_wp_mail_failed' not found or invalid function name in F:\0to10design\local_sites\websites-local-use\ecriminologyresearch-wordpress\wordpress\wp-includes\class-wp-hook.php on line 287
[03-Feb-2021 21:36:50 UTC] PHP Warning:  call_user_func_array() expects parameter 1 to be a valid callback, function 'action_wp_mail_failed' not found or invalid function name in F:\0to10design\local_sites\websites-local-use\ecriminologyresearch-wordpress\wordpress\wp-includes\class-wp-hook.php on line 287
[03-Feb-2021 21:38:48 UTC] PHP Warning:  call_user_func_array() expects parameter 1 to be a valid callback, function 'action_wp_mail_failed' not found or invalid function name in F:\0to10design\local_sites\websites-local-use\ecriminologyresearch-wordpress\wordpress\wp-includes\class-wp-hook.php on line 287
[06-Feb-2021 15:21:03 UTC] PHP Parse error:  syntax error, unexpected ')' in F:\0to10design\local_sites\websites-local-use\ecriminologyresearch-wordpress\wordpress\wp-content\themes\ecriminologyresearch\functions.php on line 102
[06-Feb-2021 15:21:31 UTC] PHP Notice:  Undefined index: remember in F:\0to10design\local_sites\websites-local-use\ecriminologyresearch-wordpress\wordpress\wp-content\themes\ecriminologyresearch\functions.php on line 92
[06-Feb-2021 15:25:00 UTC] PHP Notice:  Undefined index: remember in F:\0to10design\local_sites\websites-local-use\ecriminologyresearch-wordpress\wordpress\wp-content\themes\ecriminologyresearch\functions.php on line 92
[06-Feb-2021 15:25:17 UTC] PHP Notice:  Undefined index: remember in F:\0to10design\local_sites\websites-local-use\ecriminologyresearch-wordpress\wordpress\wp-content\themes\ecriminologyresearch\functions.php on line 92
[06-Feb-2021 15:26:17 UTC] PHP Fatal error:  Only variables can be passed by reference in F:\0to10design\local_sites\websites-local-use\ecriminologyresearch-wordpress\wordpress\wp-content\themes\ecriminologyresearch\functions.php on line 98
[06-Feb-2021 15:26:29 UTC] PHP Notice:  Undefined index: remember in F:\0to10design\local_sites\websites-local-use\ecriminologyresearch-wordpress\wordpress\wp-content\themes\ecriminologyresearch\functions.php on line 92
[06-Feb-2021 15:31:45 UTC] PHP Notice:  Undefined index: remember in F:\0to10design\local_sites\websites-local-use\ecriminologyresearch-wordpress\wordpress\wp-content\themes\ecriminologyresearch\functions.php on line 92
[06-Feb-2021 15:31:58 UTC] PHP Notice:  Undefined index: remember in F:\0to10design\local_sites\websites-local-use\ecriminologyresearch-wordpress\wordpress\wp-content\themes\ecriminologyresearch\functions.php on line 92
[06-Feb-2021 15:34:21 UTC] PHP Notice:  Undefined index: remember in F:\0to10design\local_sites\websites-local-use\ecriminologyresearch-wordpress\wordpress\wp-content\themes\ecriminologyresearch\functions.php on line 92
[06-Feb-2021 15:43:15 UTC] PHP Notice:  Undefined index: remember in F:\0to10design\local_sites\websites-local-use\ecriminologyresearch-wordpress\wordpress\wp-content\themes\ecriminologyresearch\functions.php on line 94
[06-Feb-2021 15:43:38 UTC] PHP Notice:  Undefined index: remember in F:\0to10design\local_sites\websites-local-use\ecriminologyresearch-wordpress\wordpress\wp-content\themes\ecriminologyresearch\functions.php on line 94
[06-Feb-2021 15:44:02 UTC] PHP Notice:  Undefined index: remember in F:\0to10design\local_sites\websites-local-use\ecriminologyresearch-wordpress\wordpress\wp-content\themes\ecriminologyresearch\functions.php on line 94
[06-Feb-2021 15:44:25 UTC] PHP Notice:  Undefined index: remember in F:\0to10design\local_sites\websites-local-use\ecriminologyresearch-wordpress\wordpress\wp-content\themes\ecriminologyresearch\functions.php on line 94
[06-Feb-2021 15:44:41 UTC] PHP Notice:  Undefined index: remember in F:\0to10design\local_sites\websites-local-use\ecriminologyresearch-wordpress\wordpress\wp-content\themes\ecriminologyresearch\functions.php on line 94
[06-Feb-2021 15:48:04 UTC] PHP Notice:  Undefined index: remember in F:\0to10design\local_sites\websites-local-use\ecriminologyresearch-wordpress\wordpress\wp-content\themes\ecriminologyresearch\functions.php on line 94
[06-Feb-2021 15:50:18 UTC] PHP Notice:  Undefined index: remember in F:\0to10design\local_sites\websites-local-use\ecriminologyresearch-wordpress\wordpress\wp-content\themes\ecriminologyresearch\functions.php on line 94
[06-Feb-2021 15:50:18 UTC] PHP Notice:  Undefined index: remember in F:\0to10design\local_sites\websites-local-use\ecriminologyresearch-wordpress\wordpress\wp-content\themes\ecriminologyresearch\functions.php on line 95
[06-Feb-2021 15:52:29 UTC] PHP Notice:  Undefined index: remember in F:\0to10design\local_sites\websites-local-use\ecriminologyresearch-wordpress\wordpress\wp-content\themes\ecriminologyresearch\functions.php on line 94
[06-Feb-2021 15:52:29 UTC] PHP Notice:  Undefined index: remember in F:\0to10design\local_sites\websites-local-use\ecriminologyresearch-wordpress\wordpress\wp-content\themes\ecriminologyresearch\functions.php on line 95
[06-Feb-2021 15:59:09 UTC] PHP Notice:  Undefined index: remember in F:\0to10design\local_sites\websites-local-use\ecriminologyresearch-wordpress\wordpress\wp-content\themes\ecriminologyresearch\functions.php on line 94
[06-Feb-2021 15:59:34 UTC] PHP Notice:  Undefined index: remember in F:\0to10design\local_sites\websites-local-use\ecriminologyresearch-wordpress\wordpress\wp-content\themes\ecriminologyresearch\functions.php on line 94
[06-Feb-2021 16:03:05 UTC] PHP Notice:  Undefined index: remember in F:\0to10design\local_sites\websites-local-use\ecriminologyresearch-wordpress\wordpress\wp-content\themes\ecriminologyresearch\functions.php on line 94
[06-Feb-2021 16:04:46 UTC] PHP Notice:  Undefined index: remember in F:\0to10design\local_sites\websites-local-use\ecriminologyresearch-wordpress\wordpress\wp-content\themes\ecriminologyresearch\functions.php on line 94
[06-Feb-2021 16:06:09 UTC] PHP Notice:  Undefined index: remember in F:\0to10design\local_sites\websites-local-use\ecriminologyresearch-wordpress\wordpress\wp-content\themes\ecriminologyresearch\functions.php on line 94
[05-Aug-2023 21:32:25 UTC] PHP Warning:  call_user_func_array() expects parameter 1 to be a valid callback, function 'action_wp_mail_failed' not found or invalid function name in J:\0to10design\local_sites\websites-local-use\ecriminologyresearch-wordpress\wordpress\wp-includes\class-wp-hook.php on line 287
[06-Feb-2024 19:57:15 UTC] PHP Warning:  call_user_func_array() expects parameter 1 to be a valid callback, function 'action_wp_mail_failed' not found or invalid function name in J:\0to10design\local_sites\websites-local-use\ecriminologyresearch-wordpress\wordpress\wp-includes\class-wp-hook.php on line 287
[06-Feb-2024 19:57:37 UTC] PHP Notice:  Undefined index: remember in J:\0to10design\local_sites\websites-local-use\ecriminologyresearch-wordpress\wordpress\wp-content\themes\ecriminologyresearch\functions.php on line 94
